<?xml version="1.0" encoding="UTF-8"?>
<!-- Generated by org.testng.reporters.JUnitReportReporter -->
<testsuite hostname="LAPTOP-UN0G5FL5" failures="0" tests="1" name="com.facebook.base.BASETEST" time="3.445" errors="0" timestamp="2023-10-17T14:10:02 IST" skipped="0">
  <testcase classname="com.facebook.base.BASETEST" name="openBrowser" time="3.445"/>
  <system-out/>
</testsuite> <!-- com.facebook.base.BASETEST -->
